2023/03/09 20:22:48 [info] 29533: ç›‘å¬80ç«¯å£æˆåŠŸ!
2023/03/09 20:22:48 [info] 29533: ç›‘å¬443ç«¯å£æˆåŠŸ!
2023/03/09 20:22:48 [notice] 29534: master process ./nginx 29534 ã€masterè¿›ç¨‹ã€‘å¯åŠ¨å¹¶å¼€å§‹è¿è¡Œ......!
2023/03/09 20:22:49 [notice] 29536: worker process 29536 ã€workerè¿›ç¨‹ã€‘å¯åŠ¨å¹¶å¼€å§‹è¿è¡Œ......!
2023/03/09 20:27:50 [stderr] 29536: nginx: æ‰§è¡Œå¼€å§‹---begin,tid=140075730974464!
2023/03/09 20:27:55 [stderr] 29536: nginx: æ‰§è¡Œç»“æŸ---end,tid=140075730974464!
2023/03/09 20:27:58 [stderr] 29536: nginx: æ‰§è¡Œå¼€å§‹---begin,tid=140075730974464!
2023/03/09 20:28:00 [stderr] 29536: nginx: CThreadPool::Call()ä¸­å‘ç°çº¿ç¨‹æ± ä¸­å½“å‰ç©ºé—²çº¿ç¨‹æ•°é‡ä¸º0ï¼Œè¦è€ƒè™‘æ‰©å®¹çº¿ç¨‹æ± äº†!
2023/03/09 20:28:03 [stderr] 29536: nginx: æ‰§è¡Œç»“æŸ---end,tid=140075730974464!
2023/03/09 20:28:03 [stderr] 29536: nginx: æ‰§è¡Œå¼€å§‹---begin,tid=140075730974464!
2023/03/09 20:28:08 [stderr] 29536: nginx: æ‰§è¡Œç»“æŸ---end,tid=140075730974464!
2023/03/09 20:32:47 [stderr] 29536: nginx: æ‰§è¡Œå¼€å§‹---begin,tid=140075730974464!
2023/03/09 20:32:48 [stderr] 29536: nginx: CThreadPool::Call()ä¸­å‘ç°çº¿ç¨‹æ± ä¸­å½“å‰ç©ºé—²çº¿ç¨‹æ•°é‡ä¸º0ï¼Œè¦è€ƒè™‘æ‰©å®¹çº¿ç¨‹æ± äº†!
2023/03/09 20:32:52 [stderr] 29536: nginx: æ‰§è¡Œç»“æŸ---end,tid=140075730974464!
2023/03/09 20:32:52 [stderr] 29536: nginx: æ‰§è¡Œå¼€å§‹---begin,tid=140075730974464!
2023/03/09 20:32:57 [stderr] 29536: nginx: æ‰§è¡Œç»“æŸ---end,tid=140075730974464!
2023/03/09 20:32:57 [stderr] 29536: nginx: æ‰§è¡Œå¼€å§‹---begin,tid=140075730974464!
2023/03/09 20:33:02 [stderr] 29536: nginx: æ‰§è¡Œç»“æŸ---end,tid=140075730974464!
2023/03/09 20:33:02 [stderr] 29536: nginx: æ‰§è¡Œå¼€å§‹---begin,tid=140075730974464!
2023/03/09 20:33:07 [stderr] 29536: nginx: æ‰§è¡Œç»“æŸ---end,tid=140075730974464!
2023/03/09 20:33:07 [stderr] 29536: nginx: æ‰§è¡Œå¼€å§‹---begin,tid=140075730974464!
2023/03/09 20:33:12 [stderr] 29536: nginx: æ‰§è¡Œç»“æŸ---end,tid=140075730974464!
2023/03/09 20:33:12 [stderr] 29536: nginx: æ‰§è¡Œå¼€å§‹---begin,tid=140075730974464!
2023/03/09 20:33:17 [stderr] 29536: nginx: æ‰§è¡Œç»“æŸ---end,tid=140075730974464!
2023/03/09 20:33:17 [stderr] 29536: nginx: æ‰§è¡Œå¼€å§‹---begin,tid=140075730974464!
2023/03/09 20:33:22 [stderr] 29536: nginx: æ‰§è¡Œç»“æŸ---end,tid=140075730974464!
2023/03/09 20:33:49 [stderr] 29536: nginx: æ‰§è¡Œå¼€å§‹---begin,tid=140075730974464!
2023/03/09 20:33:50 [stderr] 29536: nginx: CThreadPool::Call()ä¸­å‘ç°çº¿ç¨‹æ± ä¸­å½“å‰ç©ºé—²çº¿ç¨‹æ•°é‡ä¸º0ï¼Œè¦è€ƒè™‘æ‰©å®¹çº¿ç¨‹æ± äº†!
2023/03/09 20:33:54 [stderr] 29536: nginx: æ‰§è¡Œç»“æŸ---end,tid=140075730974464!
2023/03/09 20:33:54 [stderr] 29536: nginx: æ‰§è¡Œå¼€å§‹---begin,tid=140075730974464!
2023/03/09 20:33:59 [stderr] 29536: nginx: æ‰§è¡Œç»“æŸ---end,tid=140075730974464!
2023/03/09 20:45:59 [info] 30532: ç›‘å¬80ç«¯å£æˆåŠŸ!
2023/03/09 20:45:59 [info] 30532: ç›‘å¬443ç«¯å£æˆåŠŸ!
2023/03/09 20:45:59 [notice] 30533: master process ./nginx 30533 ã€masterè¿›ç¨‹ã€‘å¯åŠ¨å¹¶å¼€å§‹è¿è¡Œ......!
2023/03/09 20:46:00 [notice] 30535: worker process 30535 ã€workerè¿›ç¨‹ã€‘å¯åŠ¨å¹¶å¼€å§‹è¿è¡Œ......!
2023/03/09 20:46:02 [stderr] 30535: nginx: æ‰§è¡Œå¼€å§‹---begin,tid=140679005767424!
2023/03/09 20:46:04 [stderr] 30535: nginx: æ‰§è¡Œå¼€å§‹---begin,tid=140678997374720!
2023/03/09 20:46:06 [stderr] 30535: nginx: CThreadPool::Call()ä¸­å‘ç°çº¿ç¨‹æ± ä¸­å½“å‰ç©ºé—²çº¿ç¨‹æ•°é‡ä¸º0ï¼Œè¦è€ƒè™‘æ‰©å®¹çº¿ç¨‹æ± äº†!
2023/03/09 20:46:07 [stderr] 30535: nginx: æ‰§è¡Œç»“æŸ---end,tid=140679005767424!
2023/03/09 20:46:07 [stderr] 30535: nginx: æ‰§è¡Œå¼€å§‹---begin,tid=140679005767424!
2023/03/09 20:46:09 [stderr] 30535: nginx: æ‰§è¡Œç»“æŸ---end,tid=140678997374720!
2023/03/09 20:46:10 [stderr] 30535: nginx: æ‰§è¡Œå¼€å§‹---begin,tid=140678997374720!
2023/03/09 20:46:12 [stderr] 30535: nginx: æ‰§è¡Œç»“æŸ---end,tid=140679005767424!
2023/03/09 20:46:12 [stderr] 30535: nginx: æ‰§è¡Œå¼€å§‹---begin,tid=140679005767424!
2023/03/09 20:46:15 [stderr] 30535: nginx: æ‰§è¡Œç»“æŸ---end,tid=140678997374720!
2023/03/09 20:46:17 [stderr] 30535: nginx: æ‰§è¡Œç»“æŸ---end,tid=140679005767424!
2023/03/09 20:46:27 [stderr] 30535: nginx: æ‰§è¡Œå¼€å§‹---begin,tid=140678997374720!
2023/03/09 20:46:30 [stderr] 30535: nginx: æ‰§è¡Œå¼€å§‹---begin,tid=140679005767424!
2023/03/09 20:46:32 [stderr] 30535: nginx: CThreadPool::Call()ä¸­å‘ç°çº¿ç¨‹æ± ä¸­å½“å‰ç©ºé—²çº¿ç¨‹æ•°é‡ä¸º0ï¼Œè¦è€ƒè™‘æ‰©å®¹çº¿ç¨‹æ± äº†!
2023/03/09 20:46:32 [stderr] 30535: nginx: æ‰§è¡Œç»“æŸ---end,tid=140678997374720!
2023/03/09 20:46:32 [stderr] 30535: nginx: æ‰§è¡Œå¼€å§‹---begin,tid=140678997374720!
2023/03/09 20:46:35 [stderr] 30535: nginx: æ‰§è¡Œç»“æŸ---end,tid=140679005767424!
2023/03/09 20:46:37 [stderr] 30535: nginx: æ‰§è¡Œç»“æŸ---end,tid=140678997374720!
2023/03/09 21:16:59 [stderr] 30535: nginx: 111111111111111111111111111111. (104: Connection reset by peer) 
2023/03/09 21:17:41 [stderr] 30535: nginx: 111111111111111111111111111111. (104: Connection reset by peer) 
2023/03/09 21:17:54 [stderr] 30535: nginx: 111111111111111111111111111111. (104: Connection reset by peer) 
2023/03/09 21:17:54 [stderr] 30535: nginx: æ‰§è¡Œå¼€å§‹---begin,tid=140679005767424!
2023/03/09 21:17:59 [stderr] 30535: nginx: æ‰§è¡Œç»“æŸ---end,tid=140679005767424!
2023/03/09 21:18:07 [stderr] 30535: nginx: 111111111111111111111111111111. (104: Connection reset by peer) 
2023/03/09 21:18:45 [stderr] 30535: nginx: 111111111111111111111111111111. (104: Connection reset by peer) 
2023/03/09 21:18:58 [stderr] 30535: nginx: 111111111111111111111111111111. (104: Connection reset by peer) 
2023/03/09 21:19:11 [stderr] 30535: nginx: 111111111111111111111111111111. (104: Connection reset by peer) 
2023/03/09 21:19:24 [stderr] 30535: nginx: 111111111111111111111111111111. (104: Connection reset by peer) 
2023/03/09 21:19:50 [stderr] 30535: nginx: 111111111111111111111111111111. (104: Connection reset by peer) 
2023/03/09 21:20:02 [stderr] 30535: nginx: 111111111111111111111111111111. (104: Connection reset by peer) 
2023/03/09 21:20:21 [stderr] 30535: nginx: 111111111111111111111111111111. (104: Connection reset by peer) 
2023/03/09 21:20:21 [stderr] 30535: nginx: æ‰§è¡Œå¼€å§‹---begin,tid=140678997374720!
2023/03/09 21:20:26 [stderr] 30535: nginx: æ‰§è¡Œç»“æŸ---end,tid=140678997374720!
2023/03/09 21:20:34 [stderr] 30535: nginx: 111111111111111111111111111111. (104: Connection reset by peer) 
2023/03/09 21:20:46 [stderr] 30535: nginx: 111111111111111111111111111111. (104: Connection reset by peer) 
2023/03/09 21:21:05 [stderr] 30535: nginx: 111111111111111111111111111111. (104: Connection reset by peer) 
2023/03/09 21:21:05 [stderr] 30535: nginx: æ‰§è¡Œå¼€å§‹---begin,tid=140679005767424!
2023/03/09 21:21:10 [stderr] 30535: nginx: æ‰§è¡Œç»“æŸ---end,tid=140679005767424!
2023/03/09 21:26:36 [info] 31982: ç›‘å¬80ç«¯å£æˆåŠŸ!
2023/03/09 21:26:36 [info] 31982: ç›‘å¬443ç«¯å£æˆåŠŸ!
2023/03/09 21:26:36 [notice] 31983: master process ./nginx 31983 ã€masterè¿›ç¨‹ã€‘å¯åŠ¨å¹¶å¼€å§‹è¿è¡Œ......!
2023/03/09 21:26:37 [notice] 31985: worker process 31985 ã€workerè¿›ç¨‹ã€‘å¯åŠ¨å¹¶å¼€å§‹è¿è¡Œ......!
2023/03/10 16:46:43 [info] 9796: ç›‘å¬80ç«¯å£æˆåŠŸ!
2023/03/10 16:46:43 [info] 9796: ç›‘å¬443ç«¯å£æˆåŠŸ!
2023/03/10 16:46:43 [notice] 9797: master process ./nginx 9797 ã€masterè¿›ç¨‹ã€‘å¯åŠ¨å¹¶å¼€å§‹è¿è¡Œ......!
2023/03/10 16:46:44 [notice] 9799: worker process 9799 ã€workerè¿›ç¨‹ã€‘å¯åŠ¨å¹¶å¼€å§‹è¿è¡Œ......!
2023/03/10 16:57:23 [info] 10543: ç›‘å¬80ç«¯å£æˆåŠŸ!
2023/03/10 16:57:23 [info] 10543: ç›‘å¬443ç«¯å£æˆåŠŸ!
2023/03/10 16:57:23 [notice] 10544: master process ./nginx 10544 ã€masterè¿›ç¨‹ã€‘å¯åŠ¨å¹¶å¼€å§‹è¿è¡Œ......!
2023/03/10 16:57:24 [notice] 10546: worker process 10546 ã€workerè¿›ç¨‹ã€‘å¯åŠ¨å¹¶å¼€å§‹è¿è¡Œ......!
2023/03/10 17:15:08 [info] 12678: ç›‘å¬80ç«¯å£æˆåŠŸ!
2023/03/10 17:15:08 [info] 12678: ç›‘å¬443ç«¯å£æˆåŠŸ!
2023/03/10 17:15:08 [notice] 12679: master process ./nginx 12679 ã€masterè¿›ç¨‹ã€‘å¯åŠ¨å¹¶å¼€å§‹è¿è¡Œ......!
2023/03/10 17:15:09 [notice] 12681: worker process 12681 ã€workerè¿›ç¨‹ã€‘å¯åŠ¨å¹¶å¼€å§‹è¿è¡Œ......!
2023/03/10 17:15:10 [stderr] 12681: nginx: æ‰§è¡Œå¼€å§‹---begin,tid=140147234817792!
2023/03/10 17:15:10 [stderr] 12681: nginx: æ‰§è¡Œå¼€å§‹---begin,tid=140147234817792!
2023/03/10 17:15:16 [stderr] 12681: nginx: æ‰§è¡Œå¼€å§‹---begin,tid=140147234817792!
2023/03/10 17:15:16 [stderr] 12681: nginx: æ‰§è¡Œå¼€å§‹---begin,tid=140147234817792!
2023/03/10 17:15:17 [stderr] 12681: nginx: æ‰§è¡Œå¼€å§‹---begin,tid=140147234817792!
2023/03/10 17:15:17 [stderr] 12681: nginx: æ‰§è¡Œå¼€å§‹---begin,tid=140147234817792!
2023/03/10 17:16:20 [info] 12970: ç›‘å¬80ç«¯å£æˆåŠŸ!
2023/03/10 17:16:20 [info] 12970: ç›‘å¬443ç«¯å£æˆåŠŸ!
2023/03/10 17:16:20 [notice] 12971: master process ./nginx 12971 ã€masterè¿›ç¨‹ã€‘å¯åŠ¨å¹¶å¼€å§‹è¿è¡Œ......!
2023/03/10 17:16:21 [notice] 12973: worker process 12973 ã€workerè¿›ç¨‹ã€‘å¯åŠ¨å¹¶å¼€å§‹è¿è¡Œ......!
2023/03/10 17:16:22 [stderr] 12973: nginx: æ”¶åˆ°çš„æ¶ˆæ¯ä¸º:0±UŸx
2023/03/10 17:16:22 [stderr] 12973: nginx: æ‰§è¡Œå¼€å§‹---begin,tid=140156029253376!
2023/03/10 17:16:22 [stderr] 12973: nginx: æ”¶åˆ°çš„æ¶ˆæ¯ä¸º:0±UŸx
2023/03/10 17:16:22 [stderr] 12973: nginx: æ‰§è¡Œå¼€å§‹---begin,tid=140156029253376!
2023/03/10 17:16:25 [stderr] 12973: nginx: æ”¶åˆ°çš„æ¶ˆæ¯ä¸º:0±UŸx
2023/03/10 17:16:25 [stderr] 12973: nginx: æ‰§è¡Œå¼€å§‹---begin,tid=140156029253376!
2023/03/10 17:16:25 [stderr] 12973: nginx: æ”¶åˆ°çš„æ¶ˆæ¯ä¸º:0±UŸx
2023/03/10 17:16:25 [stderr] 12973: nginx: æ‰§è¡Œå¼€å§‹---begin,tid=140156029253376!
2023/03/10 17:16:27 [stderr] 12973: nginx: æ”¶åˆ°çš„æ¶ˆæ¯ä¸º:0±UŸx
2023/03/10 17:16:27 [stderr] 12973: nginx: æ‰§è¡Œå¼€å§‹---begin,tid=140156029253376!
2023/03/10 17:16:27 [stderr] 12973: nginx: æ”¶åˆ°çš„æ¶ˆæ¯ä¸º:0±UŸx
2023/03/10 17:16:27 [stderr] 12973: nginx: æ‰§è¡Œå¼€å§‹---begin,tid=140156029253376!
2023/03/10 17:18:20 [info] 13284: ç›‘å¬80ç«¯å£æˆåŠŸ!
2023/03/10 17:18:20 [info] 13284: ç›‘å¬443ç«¯å£æˆåŠŸ!
2023/03/10 17:18:20 [notice] 13285: master process ./nginx 13285 ã€masterè¿›ç¨‹ã€‘å¯åŠ¨å¹¶å¼€å§‹è¿è¡Œ......!
2023/03/10 17:18:21 [notice] 13287: worker process 13287 ã€workerè¿›ç¨‹ã€‘å¯åŠ¨å¹¶å¼€å§‹è¿è¡Œ......!
2023/03/10 17:18:23 [stderr] 13287: nginx: crcæ ¡éªŒæˆåŠŸ
2023/03/10 17:18:23 [stderr] 13287: nginx: crcæ ¡éªŒæˆåŠŸ
2023/03/10 17:19:25 [stderr] 13287: nginx: crcæ ¡éªŒæˆåŠŸ
2023/03/10 17:19:25 [stderr] 13287: nginx: æ‰§è¡Œäº†CLogicSocket::_HandleRegister()!
2023/03/10 17:19:25 [stderr] 13287: nginx: crcæ ¡éªŒæˆåŠŸ
2023/03/10 17:19:25 [stderr] 13287: nginx: æ‰§è¡Œäº†CLogicSocket::_HandleLogIn()!
2023/03/10 17:22:45 [stderr] 13287: nginx: crcæ ¡éªŒæˆåŠŸ
2023/03/10 17:22:45 [stderr] 13287: nginx: æ‰§è¡Œäº†CLogicSocket::_HandleRegister()!
2023/03/10 17:22:45 [stderr] 13287: nginx: crcæ ¡éªŒæˆåŠŸ
2023/03/10 17:22:45 [stderr] 13287: nginx: æ‰§è¡Œäº†CLogicSocket::_HandleLogIn()!
2023/03/10 17:23:02 [info] 13631: ç›‘å¬80ç«¯å£æˆåŠŸ!
2023/03/10 17:23:02 [info] 13631: ç›‘å¬443ç«¯å£æˆåŠŸ!
2023/03/10 17:23:02 [notice] 13632: master process ./nginx 13632 ã€masterè¿›ç¨‹ã€‘å¯åŠ¨å¹¶å¼€å§‹è¿è¡Œ......!
2023/03/10 17:23:03 [notice] 13634: worker process 13634 ã€workerè¿›ç¨‹ã€‘å¯åŠ¨å¹¶å¼€å§‹è¿è¡Œ......!
2023/03/10 17:23:33 [stderr] 13634: nginx: æ‰§è¡Œäº†CLogicSocket::_HandleRegister()!
2023/03/10 17:23:33 [stderr] 13634: nginx: æ‰§è¡Œäº†CLogicSocket::_HandleLogIn()!
2023/03/10 17:23:52 [stderr] 13634: nginx: æ‰§è¡Œäº†CLogicSocket::_HandleRegister()!
2023/03/10 17:23:52 [stderr] 13634: nginx: æ‰§è¡Œäº†CLogicSocket::_HandleLogIn()!
2023/03/10 17:23:54 [stderr] 13634: nginx: æ‰§è¡Œäº†CLogicSocket::_HandleRegister()!
2023/03/10 17:23:54 [stderr] 13634: nginx: æ‰§è¡Œäº†CLogicSocket::_HandleLogIn()!
2023/03/10 17:23:57 [stderr] 13634: nginx: æ‰§è¡Œäº†CLogicSocket::_HandleRegister()!
2023/03/10 17:23:57 [stderr] 13634: nginx: æ‰§è¡Œäº†CLogicSocket::_HandleLogIn()!
2023/03/10 17:24:00 [stderr] 13634: nginx: æ‰§è¡Œäº†CLogicSocket::_HandleRegister()!
2023/03/10 17:24:00 [stderr] 13634: nginx: æ‰§è¡Œäº†CLogicSocket::_HandleLogIn()!
